<?xml version="1.0" encoding="UTF-8"?>
<testsuite xmlns:xsi="http://www.w3.org/2001/XMLSchema-instance" xsi:noNamespaceSchemaLocation="https://maven.apache.org/surefire/maven-surefire-plugin/xsd/surefire-test-report.xsd" version="3.0.1" name="runner.TestRunner" time="1.782" tests="4" errors="0" skipped="0" failures="0">
  <properties>
    <property name="java.specification.version" value="23"/>
    <property name="sun.cpu.isalist" value="amd64"/>
    <property name="sun.jnu.encoding" value="Cp1252"/>
    <property name="java.class.path" value="E:\GIT\org\target\test-classes;E:\GIT\org\target\classes;C:\Users\Clinton Raj\.m2\repository\io\cucumber\cucumber-java\7.20.1\cucumber-java-7.20.1.jar;C:\Users\Clinton Raj\.m2\repository\org\apiguardian\apiguardian-api\1.1.2\apiguardian-api-1.1.2.jar;C:\Users\Clinton Raj\.m2\repository\io\cucumber\cucumber-junit\7.20.1\cucumber-junit-7.20.1.jar;C:\Users\Clinton Raj\.m2\repository\io\cucumber\cucumber-core\7.20.1\cucumber-core-7.20.1.jar;C:\Users\Clinton Raj\.m2\repository\io\cucumber\cucumber-gherkin\7.20.1\cucumber-gherkin-7.20.1.jar;C:\Users\Clinton Raj\.m2\repository\io\cucumber\cucumber-gherkin-messages\7.20.1\cucumber-gherkin-messages-7.20.1.jar;C:\Users\Clinton Raj\.m2\repository\io\cucumber\gherkin\28.0.0\gherkin-28.0.0.jar;C:\Users\Clinton Raj\.m2\repository\io\cucumber\messages\24.1.0\messages-24.1.0.jar;C:\Users\Clinton Raj\.m2\repository\io\cucumber\testng-xml-formatter\0.2.0\testng-xml-formatter-0.2.0.jar;C:\Users\Clinton Raj\.m2\repository\io\cucumber\query\12.2.0\query-12.2.0.jar;C:\Users\Clinton Raj\.m2\repository\io\cucumber\tag-expressions\6.1.0\tag-expressions-6.1.0.jar;C:\Users\Clinton Raj\.m2\repository\io\cucumber\cucumber-expressions\17.1.0\cucumber-expressions-17.1.0.jar;C:\Users\Clinton Raj\.m2\repository\io\cucumber\datatable\7.20.1\datatable-7.20.1.jar;C:\Users\Clinton Raj\.m2\repository\io\cucumber\cucumber-plugin\7.20.1\cucumber-plugin-7.20.1.jar;C:\Users\Clinton Raj\.m2\repository\io\cucumber\docstring\7.20.1\docstring-7.20.1.jar;C:\Users\Clinton Raj\.m2\repository\io\cucumber\html-formatter\21.7.0\html-formatter-21.7.0.jar;C:\Users\Clinton Raj\.m2\repository\io\cucumber\junit-xml-formatter\0.5.0\junit-xml-formatter-0.5.0.jar;C:\Users\Clinton Raj\.m2\repository\io\cucumber\ci-environment\10.0.1\ci-environment-10.0.1.jar;C:\Users\Clinton Raj\.m2\repository\junit\junit\4.13.2\junit-4.13.2.jar;C:\Users\Clinton Raj\.m2\repository\org\hamcrest\hamcrest-core\1.3\hamcrest-core-1.3.jar;"/>
    <property name="java.vm.vendor" value="Oracle Corporation"/>
    <property name="sun.arch.data.model" value="64"/>
    <property name="user.variant" value=""/>
    <property name="java.vendor.url" value="https://java.oracle.com/"/>
    <property name="user.timezone" value="Asia/Calcutta"/>
    <property name="os.name" value="Windows 10"/>
    <property name="java.vm.specification.version" value="23"/>
    <property name="sun.java.launcher" value="SUN_STANDARD"/>
    <property name="user.country" value="IN"/>
    <property name="sun.boot.library.path" value="C:\Program Files\Java\jdk-23\bin"/>
    <property name="sun.java.command" value="C:\Users\Clinton Raj\AppData\Local\Temp\surefire8675425386381216795\surefirebooter-20241122133458460_3.jar C:\Users\Clinton Raj\AppData\Local\Temp\surefire8675425386381216795 2024-11-22T13-34-58_175-jvmRun1 surefire-20241122133458460_1tmp surefire_0-20241122133458460_2tmp"/>
    <property name="jdk.debug" value="release"/>
    <property name="surefire.test.class.path" value="E:\GIT\org\target\test-classes;E:\GIT\org\target\classes;C:\Users\Clinton Raj\.m2\repository\io\cucumber\cucumber-java\7.20.1\cucumber-java-7.20.1.jar;C:\Users\Clinton Raj\.m2\repository\org\apiguardian\apiguardian-api\1.1.2\apiguardian-api-1.1.2.jar;C:\Users\Clinton Raj\.m2\repository\io\cucumber\cucumber-junit\7.20.1\cucumber-junit-7.20.1.jar;C:\Users\Clinton Raj\.m2\repository\io\cucumber\cucumber-core\7.20.1\cucumber-core-7.20.1.jar;C:\Users\Clinton Raj\.m2\repository\io\cucumber\cucumber-gherkin\7.20.1\cucumber-gherkin-7.20.1.jar;C:\Users\Clinton Raj\.m2\repository\io\cucumber\cucumber-gherkin-messages\7.20.1\cucumber-gherkin-messages-7.20.1.jar;C:\Users\Clinton Raj\.m2\repository\io\cucumber\gherkin\28.0.0\gherkin-28.0.0.jar;C:\Users\Clinton Raj\.m2\repository\io\cucumber\messages\24.1.0\messages-24.1.0.jar;C:\Users\Clinton Raj\.m2\repository\io\cucumber\testng-xml-formatter\0.2.0\testng-xml-formatter-0.2.0.jar;C:\Users\Clinton Raj\.m2\repository\io\cucumber\query\12.2.0\query-12.2.0.jar;C:\Users\Clinton Raj\.m2\repository\io\cucumber\tag-expressions\6.1.0\tag-expressions-6.1.0.jar;C:\Users\Clinton Raj\.m2\repository\io\cucumber\cucumber-expressions\17.1.0\cucumber-expressions-17.1.0.jar;C:\Users\Clinton Raj\.m2\repository\io\cucumber\datatable\7.20.1\datatable-7.20.1.jar;C:\Users\Clinton Raj\.m2\repository\io\cucumber\cucumber-plugin\7.20.1\cucumber-plugin-7.20.1.jar;C:\Users\Clinton Raj\.m2\repository\io\cucumber\docstring\7.20.1\docstring-7.20.1.jar;C:\Users\Clinton Raj\.m2\repository\io\cucumber\html-formatter\21.7.0\html-formatter-21.7.0.jar;C:\Users\Clinton Raj\.m2\repository\io\cucumber\junit-xml-formatter\0.5.0\junit-xml-formatter-0.5.0.jar;C:\Users\Clinton Raj\.m2\repository\io\cucumber\ci-environment\10.0.1\ci-environment-10.0.1.jar;C:\Users\Clinton Raj\.m2\repository\junit\junit\4.13.2\junit-4.13.2.jar;C:\Users\Clinton Raj\.m2\repository\org\hamcrest\hamcrest-core\1.3\hamcrest-core-1.3.jar;"/>
    <property name="sun.cpu.endian" value="little"/>
    <property name="user.home" value="C:\Users\Clinton Raj"/>
    <property name="user.language" value="en"/>
    <property name="java.specification.vendor" value="Oracle Corporation"/>
    <property name="java.version.date" value="2024-10-15"/>
    <property name="java.home" value="C:\Program Files\Java\jdk-23"/>
    <property name="file.separator" value="\"/>
    <property name="basedir" value="E:\GIT\org"/>
    <property name="java.vm.compressedOopsMode" value="32-bit"/>
    <property name="line.separator" value="&#10;"/>
    <property name="java.vm.specification.vendor" value="Oracle Corporation"/>
    <property name="java.specification.name" value="Java Platform API Specification"/>
    <property name="surefire.real.class.path" value="C:\Users\Clinton Raj\AppData\Local\Temp\surefire8675425386381216795\surefirebooter-20241122133458460_3.jar"/>
    <property name="user.script" value=""/>
    <property name="sun.management.compiler" value="HotSpot 64-Bit Tiered Compilers"/>
    <property name="java.runtime.version" value="23.0.1+11-39"/>
    <property name="user.name" value="Clinton Raj"/>
    <property name="stdout.encoding" value="Cp1252"/>
    <property name="path.separator" value=";"/>
    <property name="os.version" value="10.0"/>
    <property name="java.runtime.name" value="Java(TM) SE Runtime Environment"/>
    <property name="file.encoding" value="UTF-8"/>
    <property name="java.vm.name" value="Java HotSpot(TM) 64-Bit Server VM"/>
    <property name="localRepository" value="C:\Users\Clinton Raj\.m2\repository"/>
    <property name="java.vendor.url.bug" value="https://bugreport.java.com/bugreport/"/>
    <property name="java.io.tmpdir" value="C:\Users\CLINTO~1\AppData\Local\Temp\"/>
    <property name="java.version" value="23.0.1"/>
    <property name="cucumber.filter.tags" value="@login"/>
    <property name="user.dir" value="E:\GIT\org"/>
    <property name="os.arch" value="amd64"/>
    <property name="java.vm.specification.name" value="Java Virtual Machine Specification"/>
    <property name="sun.os.patch.level" value=""/>
    <property name="native.encoding" value="Cp1252"/>
    <property name="java.library.path" value="C:\Program Files\Java\jdk-23\bin;C:\WINDOWS\Sun\Java\bin;C:\WINDOWS\system32;C:\WINDOWS;C:\Program Files\Common Files\Oracle\Java\javapath;C:\Program Files (x86)\Intel\iCLS Client\;C:\Program Files\Intel\iCLS Client\;C:\WINDOWS\system32;C:\WINDOWS;C:\WINDOWS\System32\Wbem;C:\WINDOWS\System32\WindowsPowerShell\v1.0\;C:\WINDOWS\System32\OpenSSH\;C:\apache-maven-3.9.9\bin;C:\Program Files\PuTTY\;C:\Program Files\nodejs\;C:\Program Files (x86)\Intel\Intel(R) Management Engine Components\DAL;C:\Program Files\Intel\Intel(R) Management Engine Components\DAL;C:\Program Files (x86)\Intel\Intel(R) Management Engine Components\IPT;C:\Program Files\Intel\Intel(R) Management Engine Components\IPT;C:\Program Files\Git\cmd;C:\Program Files\Java\jdk-23\bin;C:\Program Files\MySQL\MySQL Shell 8.0\bin\;C:\Users\Clinton Raj\AppData\Local\Microsoft\WindowsApps;C:\Users\Clinton Raj\AppData\Roaming\npm;C:\Users\Clinton Raj\AppData\Local\Programs\Microsoft VS Code\bin;C:\Program Files\JetBrains\IntelliJ IDEA Community Edition 2024.2.4\bin;;."/>
    <property name="java.vm.info" value="mixed mode, sharing"/>
    <property name="stderr.encoding" value="Cp1252"/>
    <property name="java.vendor" value="Oracle Corporation"/>
    <property name="java.vm.version" value="23.0.1+11-39"/>
    <property name="sun.io.unicode.encoding" value="UnicodeLittle"/>
    <property name="java.class.version" value="67.0"/>
  </properties>
  <testcase name="Login with valid credentials" classname="User Login" time="0.247">
    <system-out><![CDATA[
@all @login @smoke @validCredentias @regression
Scenario: Login with valid credentials                           &amp#27;[90m# src/test/resources/features/Login.feature:9&amp#27;[0m
>>Browser got opened
>>>Before Every Step Hook
>>User got navigate to login page$
  &amp#27;[32mGiven &amp#27;[0m&amp#27;[32mUser navigate to login page&amp#27;[0m                              &amp#27;[90m# stepdefinitions.Login.user_navigate_to_login_page()&amp#27;[0m
After every step hook<<<
>>>Before Every Step Hook
>>User entered valid email address: "clintonraj1924@gmail.com"
  &amp#27;[32mWhen &amp#27;[0m&amp#27;[32mUser enter valid email address &amp#27;[0m&amp#27;[32m&amp#27;[1m"clintonraj1924@gmail.com"&amp#27;[0m &amp#27;[90m# stepdefinitions.Login.user_enter_valid_email_address(java.lang.String)&amp#27;[0m
After every step hook<<<
>>>Before Every Step Hook
>>User has entered valid password:"catest@123"
  &amp#27;[32mAnd &amp#27;[0m&amp#27;[32mEnter valid password &amp#27;[0m&amp#27;[32m&amp#27;[1m"catest@123"&amp#27;[0m                          &amp#27;[90m# stepdefinitions.Login.enter_valid_password(java.lang.String)&amp#27;[0m
After every step hook<<<
>>>Before Every Step Hook
>>User has click login btn
  &amp#27;[32mAnd &amp#27;[0m&amp#27;[32mClick the login button&amp#27;[0m                                     &amp#27;[90m# stepdefinitions.Login.click_the_login_button()&amp#27;[0m
After every step hook<<<
>>>Before Every Step Hook
>> User login in sucessfully
  &amp#27;[32mThen &amp#27;[0m&amp#27;[32mUser should login successfully&amp#27;[0m                            &amp#27;[90m# stepdefinitions.Login.user_should_login_successfully()&amp#27;[0m
After every step hook<<<
Browser got closed<<
]]></system-out>
  </testcase>
  <testcase name="Login with invalid credentials #1" classname="User Login" time="0.069">
    <system-out><![CDATA[
@all @login @smoke @inValidCredentias @rwgression
Scenario Outline: Login with invalid credentials                    &amp#27;[90m# src/test/resources/features/Login.feature:25&amp#27;[0m
>>Browser got opened
>>>Before Every Step Hook
>>User got navigate to login page$
  &amp#27;[32mGiven &amp#27;[0m&amp#27;[32mUser navigate to login page&amp#27;[0m                                 &amp#27;[90m# stepdefinitions.Login.user_navigate_to_login_page()&amp#27;[0m
After every step hook<<<
>>>Before Every Step Hook
>> User has entered invalid email addtess
  &amp#27;[32mWhen &amp#27;[0m&amp#27;[32mUser enter invalid email address "&amp#27;[0m&amp#27;[32m&amp#27;[1mclintonraj19244@gmail.com&amp#27;[0m&amp#27;[32m"&amp#27;[0m &amp#27;[90m# stepdefinitions.Login.user_enter_invalid_email_address(java.lang.String)&amp#27;[0m
After every step hook<<<
>>>Before Every Step Hook
User entered invalid PW : 
  &amp#27;[32mAnd &amp#27;[0m&amp#27;[32mEnter invalid password "&amp#27;[0m&amp#27;[32m&amp#27;[1mcatest@1234&amp#27;[0m&amp#27;[32m"&amp#27;[0m                          &amp#27;[90m# stepdefinitions.Login.enter_invalid_password(java.lang.String)&amp#27;[0m
After every step hook<<<
>>>Before Every Step Hook
>>User has click login btn
  &amp#27;[32mAnd &amp#27;[0m&amp#27;[32mClick the login button&amp#27;[0m                                        &amp#27;[90m# stepdefinitions.Login.click_the_login_button()&amp#27;[0m
After every step hook<<<
>>>Before Every Step Hook
User got proper warning message
  &amp#27;[32mThen &amp#27;[0m&amp#27;[32mUser should get a proper warning message&amp#27;[0m                     &amp#27;[90m# stepdefinitions.Login.user_should_get_a_proper_warning_message()&amp#27;[0m
After every step hook<<<
Browser got closed<<
]]></system-out>
  </testcase>
  <testcase name="Login with invalid credentials #2" classname="User Login" time="0.047">
    <system-out><![CDATA[
@all @login @smoke @inValidCredentias @rwgression
Scenario Outline: Login with invalid credentials                 &amp#27;[90m# src/test/resources/features/Login.feature:26&amp#27;[0m
>>Browser got opened
>>>Before Every Step Hook
>>User got navigate to login page$
  &amp#27;[32mGiven &amp#27;[0m&amp#27;[32mUser navigate to login page&amp#27;[0m                              &amp#27;[90m# stepdefinitions.Login.user_navigate_to_login_page()&amp#27;[0m
After every step hook<<<
>>>Before Every Step Hook
>> User has entered invalid email addtess
  &amp#27;[32mWhen &amp#27;[0m&amp#27;[32mUser enter invalid email address "&amp#27;[0m&amp#27;[32m&amp#27;[1mclintonraj14@gmail.com&amp#27;[0m&amp#27;[32m"&amp#27;[0m &amp#27;[90m# stepdefinitions.Login.user_enter_invalid_email_address(java.lang.String)&amp#27;[0m
After every step hook<<<
>>>Before Every Step Hook
User entered invalid PW : 
  &amp#27;[32mAnd &amp#27;[0m&amp#27;[32mEnter invalid password "&amp#27;[0m&amp#27;[32m&amp#27;[1mcatest@1234&amp#27;[0m&amp#27;[32m"&amp#27;[0m                       &amp#27;[90m# stepdefinitions.Login.enter_invalid_password(java.lang.String)&amp#27;[0m
After every step hook<<<
>>>Before Every Step Hook
>>User has click login btn
  &amp#27;[32mAnd &amp#27;[0m&amp#27;[32mClick the login button&amp#27;[0m                                     &amp#27;[90m# stepdefinitions.Login.click_the_login_button()&amp#27;[0m
After every step hook<<<
>>>Before Every Step Hook
User got proper warning message
  &amp#27;[32mThen &amp#27;[0m&amp#27;[32mUser should get a proper warning message&amp#27;[0m                  &amp#27;[90m# stepdefinitions.Login.user_should_get_a_proper_warning_message()&amp#27;[0m
After every step hook<<<
Browser got closed<<
]]></system-out>
  </testcase>
  <testcase name="Login with invalid credentials #3" classname="User Login" time="0.041">
    <system-out><![CDATA[
@all @login @smoke @inValidCredentias @rwgression
Scenario Outline: Login with invalid credentials                  &amp#27;[90m# src/test/resources/features/Login.feature:27&amp#27;[0m
>>Browser got opened
>>>Before Every Step Hook
>>User got navigate to login page$
  &amp#27;[32mGiven &amp#27;[0m&amp#27;[32mUser navigate to login page&amp#27;[0m                               &amp#27;[90m# stepdefinitions.Login.user_navigate_to_login_page()&amp#27;[0m
After every step hook<<<
>>>Before Every Step Hook
>> User has entered invalid email addtess
  &amp#27;[32mWhen &amp#27;[0m&amp#27;[32mUser enter invalid email address "&amp#27;[0m&amp#27;[32m&amp#27;[1mclintonr19244@gmail.com&amp#27;[0m&amp#27;[32m"&amp#27;[0m &amp#27;[90m# stepdefinitions.Login.user_enter_invalid_email_address(java.lang.String)&amp#27;[0m
After every step hook<<<
>>>Before Every Step Hook
User entered invalid PW : 
  &amp#27;[32mAnd &amp#27;[0m&amp#27;[32mEnter invalid password "&amp#27;[0m&amp#27;[32m&amp#27;[1mcatest1234&amp#27;[0m&amp#27;[32m"&amp#27;[0m                         &amp#27;[90m# stepdefinitions.Login.enter_invalid_password(java.lang.String)&amp#27;[0m
After every step hook<<<
>>>Before Every Step Hook
>>User has click login btn
  &amp#27;[32mAnd &amp#27;[0m&amp#27;[32mClick the login button&amp#27;[0m                                      &amp#27;[90m# stepdefinitions.Login.click_the_login_button()&amp#27;[0m
After every step hook<<<
>>>Before Every Step Hook
User got proper warning message
  &amp#27;[32mThen &amp#27;[0m&amp#27;[32mUser should get a proper warning message&amp#27;[0m                   &amp#27;[90m# stepdefinitions.Login.user_should_get_a_proper_warning_message()&amp#27;[0m
After every step hook<<<
Browser got closed<<
]]></system-out>
  </testcase>
</testsuite>