<?xml version="1.0" encoding="UTF-8"?>
<!-- Generated by org.testng.reporters.JUnitReportReporter -->
<testsuite hostname="DESKTOP-9C4LKCK" failures="0" tests="12" name="runner.TestRunner" time="0.727" errors="0" timestamp="2024-12-02T11:40:44 IST" skipped="0">
  <testcase classname="runner.TestRunner" name="runScenario" time="0.022"/>
  <testcase classname="runner.TestRunner" name="runScenario" time="0.054"/>
  <testcase classname="runner.TestRunner" name="runScenario" time="0.047"/>
  <testcase classname="runner.TestRunner" name="runScenario" time="0.032"/>
  <testcase classname="runner.TestRunner" name="runScenario" time="0.033"/>
  <testcase classname="runner.TestRunner" name="runScenario" time="0.048"/>
  <testcase classname="runner.TestRunner" name="runScenario" time="0.382"/>
  <testcase classname="runner.TestRunner" name="runScenario" time="0.013"/>
  <testcase classname="runner.TestRunner" name="runScenario" time="0.019"/>
  <testcase classname="runner.TestRunner" name="runScenario" time="0.017"/>
  <testcase classname="runner.TestRunner" name="runScenario" time="0.044"/>
  <testcase classname="runner.TestRunner" name="runScenario" time="0.016"/>
</testsuite> <!-- runner.TestRunner -->
